2025-08-27 22:41:55,334 INFO o.a.j.u.JMeterUtils: Setting Locale to en_EN
2025-08-27 22:41:55,347 INFO o.a.j.JMeter: Loading user properties from: C:\Users\Febiutoyo\Downloads\apache-jmeter-5.6.3\apache-jmeter-5.6.3\bin\user.properties
2025-08-27 22:41:55,351 INFO o.a.j.JMeter: Loading system properties from: C:\Users\Febiutoyo\Downloads\apache-jmeter-5.6.3\apache-jmeter-5.6.3\bin\system.properties
2025-08-27 22:41:55,358 INFO o.a.j.JMeter: Copyright (c) 1998-2024 The Apache Software Foundation
2025-08-27 22:41:55,358 INFO o.a.j.JMeter: Version 5.6.3
2025-08-27 22:41:55,358 INFO o.a.j.JMeter: java.version=1.8.0_291
2025-08-27 22:41:55,358 INFO o.a.j.JMeter: java.vm.name=Java HotSpot(TM) Client VM
2025-08-27 22:41:55,358 INFO o.a.j.JMeter: os.name=Windows 10
2025-08-27 22:41:55,358 INFO o.a.j.JMeter: os.arch=x86
2025-08-27 22:41:55,358 INFO o.a.j.JMeter: os.version=10.0
2025-08-27 22:41:55,358 INFO o.a.j.JMeter: file.encoding=Cp1252
2025-08-27 22:41:55,358 INFO o.a.j.JMeter: java.awt.headless=true
2025-08-27 22:41:55,359 INFO o.a.j.JMeter: Max memory     =1073741824
2025-08-27 22:41:55,359 INFO o.a.j.JMeter: Available Processors =8
2025-08-27 22:41:55,361 INFO o.a.j.JMeter: Default Locale=English (EN)
2025-08-27 22:41:55,362 INFO o.a.j.JMeter: JMeter  Locale=English (EN)
2025-08-27 22:41:55,362 INFO o.a.j.JMeter: JMeterHome=C:\Users\Febiutoyo\Downloads\apache-jmeter-5.6.3\apache-jmeter-5.6.3
2025-08-27 22:41:55,362 INFO o.a.j.JMeter: user.dir  =C:\Users\Febiutoyo\Downloads\Task 2
2025-08-27 22:41:55,362 INFO o.a.j.JMeter: PWD       =C:\Users\Febiutoyo\Downloads\Task 2
2025-08-27 22:41:55,363 INFO o.a.j.JMeter: IP: 192.168.1.115 Name: LAPTOP-TS7GBC4L FullName: LAPTOP-TS7GBC4L
2025-08-27 22:41:55,376 INFO o.a.j.JMeter: Setting property 'jmeter.reportgenerator.outputdir' to:'C:\Users\Febiutoyo\Downloads\Task 2\report'
2025-08-27 22:41:55,378 INFO o.a.j.s.FileServer: Default base='C:\Users\Febiutoyo\Downloads\Task 2'
2025-08-27 22:41:55,379 INFO o.a.j.s.FileServer: Set new base='C:\Users\Febiutoyo\Downloads\Task 2'
2025-08-27 22:41:55,502 INFO o.a.j.s.SaveService: Testplan (JMX) version: 2.2. Testlog (JTL) version: 2.2
2025-08-27 22:41:55,531 INFO o.a.j.s.SaveService: Using SaveService properties file encoding UTF-8
2025-08-27 22:41:55,543 INFO o.a.j.s.SaveService: Using SaveService properties version 5.0
2025-08-27 22:41:55,561 INFO o.a.j.s.SaveService: Loading file: tmdb_person_changes.jmx
2025-08-27 22:41:55,653 INFO o.a.j.p.h.s.HTTPSamplerBase: Parser for text/html is org.apache.jmeter.protocol.http.parser.LagartoBasedHtmlParser
2025-08-27 22:41:55,653 INFO o.a.j.p.h.s.HTTPSamplerBase: Parser for application/xhtml+xml is org.apache.jmeter.protocol.http.parser.LagartoBasedHtmlParser
2025-08-27 22:41:55,653 INFO o.a.j.p.h.s.HTTPSamplerBase: Parser for application/xml is org.apache.jmeter.protocol.http.parser.LagartoBasedHtmlParser
2025-08-27 22:41:55,653 INFO o.a.j.p.h.s.HTTPSamplerBase: Parser for text/xml is org.apache.jmeter.protocol.http.parser.LagartoBasedHtmlParser
2025-08-27 22:41:55,653 INFO o.a.j.p.h.s.HTTPSamplerBase: Parser for text/vnd.wap.wml is org.apache.jmeter.protocol.http.parser.RegexpHTMLParser
2025-08-27 22:41:55,653 INFO o.a.j.p.h.s.HTTPSamplerBase: Parser for text/css is org.apache.jmeter.protocol.http.parser.CssParser
2025-08-27 22:41:55,851 INFO o.a.j.JMeter: Creating summariser <summary>
2025-08-27 22:41:55,856 INFO o.a.j.r.d.ReportGenerator: ReportGenerator will use for Parsing the separator: ','
2025-08-27 22:41:55,856 INFO o.a.j.r.d.ReportGenerator: Will generate report at end of test from  results file: results.jtl
2025-08-27 22:41:55,856 INFO o.a.j.r.d.ReportGenerator: Reading report generator properties from: C:\Users\Febiutoyo\Downloads\apache-jmeter-5.6.3\apache-jmeter-5.6.3\bin\reportgenerator.properties
2025-08-27 22:41:55,857 INFO o.a.j.r.d.ReportGenerator: Merging with JMeter properties
2025-08-27 22:41:55,861 INFO o.a.j.r.c.ReportGeneratorConfiguration: Property 'jmeter.reportgenerator.temp_dir' not found, using default value 'temp' instead.
2025-08-27 22:41:55,863 INFO o.a.j.r.c.ReportGeneratorConfiguration: Property 'jmeter.reportgenerator.apdex_per_transaction' not found, using default value 'null' instead.
2025-08-27 22:41:55,863 INFO o.a.j.r.c.ReportGeneratorConfiguration: apdex_per_transaction is empty, not APDEX per transaction customization
2025-08-27 22:41:55,863 INFO o.a.j.r.c.ReportGeneratorConfiguration: Property 'jmeter.reportgenerator.sample_filter' not found, using default value 'null' instead.
2025-08-27 22:41:55,863 INFO o.a.j.r.c.ReportGeneratorConfiguration: Property 'jmeter.reportgenerator.report_title' not found, using default value 'null' instead.
2025-08-27 22:41:55,863 INFO o.a.j.r.c.ReportGeneratorConfiguration: Property 'jmeter.reportgenerator.start_date' not found, using default value 'null' instead.
2025-08-27 22:41:55,863 INFO o.a.j.r.c.ReportGeneratorConfiguration: Property 'jmeter.reportgenerator.end_date' not found, using default value 'null' instead.
2025-08-27 22:41:55,863 INFO o.a.j.r.c.ReportGeneratorConfiguration: Property 'jmeter.reportgenerator.date_format' not found, using default value 'null' instead.
2025-08-27 22:41:55,863 INFO o.a.j.r.c.ReportGeneratorConfiguration: Will use date range start date: null, end date: null
2025-08-27 22:41:55,867 INFO o.a.j.r.c.ReportGeneratorConfiguration: Property 'jmeter.reportgenerator.graph.totalTPS.exclude_controllers' not found, using default value 'false' instead.
2025-08-27 22:41:55,867 INFO o.a.j.r.c.ReportGeneratorConfiguration: Property 'jmeter.reportgenerator.graph.activeThreadsOverTime.exclude_controllers' not found, using default value 'false' instead.
2025-08-27 22:41:55,867 INFO o.a.j.r.c.ReportGeneratorConfiguration: Property 'jmeter.reportgenerator.graph.timeVsThreads.exclude_controllers' not found, using default value 'false' instead.
2025-08-27 22:41:55,867 INFO o.a.j.r.c.ReportGeneratorConfiguration: Property 'jmeter.reportgenerator.graph.responseTimeDistribution.exclude_controllers' not found, using default value 'false' instead.
2025-08-27 22:41:55,867 INFO o.a.j.r.c.ReportGeneratorConfiguration: Property 'jmeter.reportgenerator.graph.transactionsPerSecond.exclude_controllers' not found, using default value 'false' instead.
2025-08-27 22:41:55,867 INFO o.a.j.r.c.ReportGeneratorConfiguration: Property 'jmeter.reportgenerator.graph.responseTimePercentiles.exclude_controllers' not found, using default value 'false' instead.
2025-08-27 22:41:55,867 INFO o.a.j.r.c.ReportGeneratorConfiguration: Property 'jmeter.reportgenerator.graph.responseTimePercentilesOverTime.exclude_controllers' not found, using default value 'false' instead.
2025-08-27 22:41:55,867 INFO o.a.j.r.c.ReportGeneratorConfiguration: Property 'jmeter.reportgenerator.graph.responseTimesOverTime.exclude_controllers' not found, using default value 'false' instead.
2025-08-27 22:41:55,867 INFO o.a.j.r.c.ReportGeneratorConfiguration: Property 'jmeter.reportgenerator.graph.connectTimeOverTime.exclude_controllers' not found, using default value 'false' instead.
2025-08-27 22:41:55,867 INFO o.a.j.r.c.ReportGeneratorConfiguration: Property 'jmeter.reportgenerator.graph.latenciesOverTime.exclude_controllers' not found, using default value 'false' instead.
2025-08-27 22:41:55,868 INFO o.a.j.r.c.ReportGeneratorConfiguration: Property 'jmeter.reportgenerator.exporter.json.filters_only_sample_series' not found, using default value 'true' instead.
2025-08-27 22:41:55,868 INFO o.a.j.r.c.ReportGeneratorConfiguration: Property 'jmeter.reportgenerator.exporter.json.series_filter' not found, using default value '' instead.
2025-08-27 22:41:55,868 INFO o.a.j.r.c.ReportGeneratorConfiguration: Property 'jmeter.reportgenerator.exporter.json.show_controllers_only' not found, using default value 'false' instead.
2025-08-27 22:41:55,869 INFO o.a.j.r.c.ReportGeneratorConfiguration: Property 'jmeter.reportgenerator.exporter.html.filters_only_sample_series' not found, using default value 'true' instead.
2025-08-27 22:41:55,869 INFO o.a.j.r.c.ReportGeneratorConfiguration: Property 'jmeter.reportgenerator.exporter.html.series_filter' not found, using default value '' instead.
2025-08-27 22:41:55,869 INFO o.a.j.r.c.ReportGeneratorConfiguration: Property 'jmeter.reportgenerator.exporter.html.show_controllers_only' not found, using default value 'false' instead.
2025-08-27 22:41:55,875 INFO o.a.j.e.StandardJMeterEngine: Running the test!
2025-08-27 22:41:55,876 INFO o.a.j.s.SampleEvent: List of sample_variables: []
2025-08-27 22:41:55,876 INFO o.a.j.s.SampleEvent: List of sample_variables: []
2025-08-27 22:41:55,880 INFO o.a.j.e.u.CompoundVariable: Note: Function class names must contain the string: '.functions.'
2025-08-27 22:41:55,880 INFO o.a.j.e.u.CompoundVariable: Note: Function class names must not contain the string: '.gui.'
2025-08-27 22:41:56,133 INFO o.a.j.JMeter: Running test (1756309316133)
2025-08-27 22:41:56,191 INFO o.a.j.e.StandardJMeterEngine: Starting ThreadGroup: 1 : Thread Group
2025-08-27 22:41:56,191 INFO o.a.j.e.StandardJMeterEngine: Starting 2 threads for group Thread Group.
2025-08-27 22:41:56,191 INFO o.a.j.e.StandardJMeterEngine: Thread will continue on error
2025-08-27 22:41:56,191 INFO o.a.j.t.ThreadGroup: Starting thread group... number=1 threads=2 ramp-up=10 delayedStart=false
2025-08-27 22:41:56,195 INFO o.a.j.t.ThreadGroup: Started thread group number 1
2025-08-27 22:41:56,195 INFO o.a.j.e.StandardJMeterEngine: All thread groups have been started
2025-08-27 22:41:56,197 INFO o.a.j.t.JMeterThread: Thread started: Thread Group 1-1
2025-08-27 22:41:56,215 INFO o.a.j.p.h.s.HTTPHCAbstractImpl: Local host = LAPTOP-TS7GBC4L
2025-08-27 22:41:56,219 INFO o.a.j.p.h.s.HTTPHC4Impl: HTTP request retry count = 0
2025-08-27 22:41:56,221 INFO o.a.j.s.SampleResult: Note: Sample TimeStamps are START times
2025-08-27 22:41:56,221 INFO o.a.j.s.SampleResult: sampleresult.default.encoding is set to UTF-8
2025-08-27 22:41:56,221 INFO o.a.j.s.SampleResult: sampleresult.useNanoTime=true
2025-08-27 22:41:56,221 INFO o.a.j.s.SampleResult: sampleresult.nanoThreadSleep=5000
2025-08-27 22:41:56,319 INFO o.a.j.p.h.s.h.LazyLayeredConnectionSocketFactory: Setting up HTTPS TrustAll Socket Factory
2025-08-27 22:41:56,328 INFO o.a.j.u.JsseSSLManager: Using default SSL protocol: TLS
2025-08-27 22:41:56,329 INFO o.a.j.u.JsseSSLManager: SSL session context: per-thread
2025-08-27 22:41:56,877 INFO o.a.j.u.SSLManager: JmeterKeyStore Location:  type JKS
2025-08-27 22:41:56,881 INFO o.a.j.u.SSLManager: KeyStore created OK
2025-08-27 22:41:56,881 WARN o.a.j.u.SSLManager: Keystore file not found, loading empty keystore
2025-08-27 22:42:00,077 INFO o.a.j.r.Summariser: summary +     14 in 00:00:04 =    3.6/s Avg:   270 Min:   164 Max:  1623 Err:     0 (0.00%) Active: 1 Started: 1 Finished: 0
2025-08-27 22:42:01,194 INFO o.a.j.t.JMeterThread: Thread started: Thread Group 1-2
2025-08-27 22:42:30,000 INFO o.a.j.r.Summariser: summary +    350 in 00:00:30 =   11.7/s Avg:   167 Min:   163 Max:   666 Err:     0 (0.00%) Active: 2 Started: 2 Finished: 0
2025-08-27 22:42:30,001 INFO o.a.j.r.Summariser: summary =    364 in 00:00:34 =   10.7/s Avg:   171 Min:   163 Max:  1623 Err:     0 (0.00%)
2025-08-27 22:42:56,277 INFO o.a.j.t.JMeterThread: Stopping because end time detected by thread: Thread Group 1-1
2025-08-27 22:42:56,277 INFO o.a.j.t.JMeterThread: Thread finished: Thread Group 1-1
2025-08-27 22:42:56,279 INFO o.a.j.t.JMeterThread: Stopping because end time detected by thread: Thread Group 1-2
2025-08-27 22:42:56,280 INFO o.a.j.t.JMeterThread: Thread finished: Thread Group 1-2
2025-08-27 22:42:56,280 INFO o.a.j.e.StandardJMeterEngine: Notifying test listeners of end of test
2025-08-27 22:42:56,282 INFO o.a.j.r.Summariser: summary +    317 in 00:00:26 =   12.1/s Avg:   165 Min:   163 Max:   211 Err:     0 (0.00%) Active: 0 Started: 2 Finished: 2
2025-08-27 22:42:56,282 INFO o.a.j.r.Summariser: summary =    681 in 00:01:00 =   11.3/s Avg:   168 Min:   163 Max:  1623 Err:     0 (0.00%)
2025-08-27 22:42:56,283 INFO o.a.j.JMeter: Generating Dashboard
2025-08-27 22:42:56,283 INFO o.a.j.r.d.ReportGenerator: Flushing result collector before report Generation
2025-08-27 22:42:56,296 INFO o.a.j.r.p.NormalizerSampleConsumer: Using format, 'ms', to parse timeStamp field
2025-08-27 22:42:56,411 INFO o.a.j.r.p.AbstractSampleConsumer: class org.apache.jmeter.report.processor.AggregateConsumer#stopProducing(): beginDate produced 0 samples
2025-08-27 22:42:56,411 INFO o.a.j.r.p.AbstractSampleConsumer: class org.apache.jmeter.report.processor.AggregateConsumer#stopProducing(): endDate produced 0 samples
2025-08-27 22:42:56,413 INFO o.a.j.r.p.AbstractSampleConsumer: class org.apache.jmeter.report.processor.ApdexSummaryConsumer#stopProducing(): apdexSummary produced 0 samples
2025-08-27 22:42:56,413 INFO o.a.j.r.p.AbstractSampleConsumer: class org.apache.jmeter.report.processor.RequestsSummaryConsumer#stopProducing(): requestsSummary produced 0 samples
2025-08-27 22:42:56,418 INFO o.a.j.r.p.AbstractSampleConsumer: class org.apache.jmeter.report.processor.StatisticsSummaryConsumer#stopProducing(): statisticsSummary produced 0 samples
2025-08-27 22:42:56,422 INFO o.a.j.r.p.AbstractSampleConsumer: class org.apache.jmeter.report.processor.Top5ErrorsBySamplerConsumer#stopProducing(): top5ErrorsBySampler produced 0 samples
2025-08-27 22:42:56,422 INFO o.a.j.r.p.AbstractSampleConsumer: class org.apache.jmeter.report.processor.ErrorsSummaryConsumer#stopProducing(): errorsSummary produced 0 samples
2025-08-27 22:42:56,422 INFO o.a.j.r.p.AbstractSampleConsumer: class org.apache.jmeter.report.processor.graph.impl.HitsPerSecondGraphConsumer#stopProducing(): hitsPerSecond produced 0 samples
2025-08-27 22:42:56,444 INFO o.a.j.r.p.AbstractSampleConsumer: class org.apache.jmeter.report.processor.graph.impl.LatencyVSRequestGraphConsumer#stopProducing(): latencyVsRequest produced 0 samples
2025-08-27 22:42:56,444 INFO o.a.j.r.p.AbstractSampleConsumer: class org.apache.jmeter.report.processor.graph.impl.SyntheticResponseTimeDistributionGraphConsumer#stopProducing(): syntheticResponseTimeDistribution produced 0 samples
2025-08-27 22:42:56,445 INFO o.a.j.r.p.AbstractSampleConsumer: class org.apache.jmeter.report.processor.graph.impl.BytesThroughputGraphConsumer#stopProducing(): bytesThroughputOverTime produced 0 samples
2025-08-27 22:42:56,445 INFO o.a.j.r.p.AbstractSampleConsumer: class org.apache.jmeter.report.processor.graph.impl.CodesPerSecondGraphConsumer#stopProducing(): codesPerSecond produced 0 samples
2025-08-27 22:42:56,451 INFO o.a.j.r.p.AbstractSampleConsumer: class org.apache.jmeter.report.processor.graph.impl.ResponseTimeVSRequestGraphConsumer#stopProducing(): responseTimeVsRequest produced 0 samples
2025-08-27 22:42:56,453 INFO o.a.j.r.p.AbstractSampleConsumer: class org.apache.jmeter.report.processor.FilterConsumer#stopProducing(): startIntervalControlerFilter produced 4767 samples
2025-08-27 22:42:56,453 INFO o.a.j.r.p.AbstractSampleConsumer: class org.apache.jmeter.report.processor.graph.impl.TotalTPSGraphConsumer#stopProducing(): totalTPS produced 0 samples
2025-08-27 22:42:56,453 INFO o.a.j.r.p.AbstractSampleConsumer: class org.apache.jmeter.report.processor.graph.impl.ActiveThreadsGraphConsumer#stopProducing(): activeThreadsOverTime produced 0 samples
2025-08-27 22:42:56,453 INFO o.a.j.r.p.AbstractSampleConsumer: class org.apache.jmeter.report.processor.graph.impl.TimeVSThreadGraphConsumer#stopProducing(): timeVsThreads produced 0 samples
2025-08-27 22:42:56,453 INFO o.a.j.r.p.AbstractSampleConsumer: class org.apache.jmeter.report.processor.graph.impl.ResponseTimeDistributionGraphConsumer#stopProducing(): responseTimeDistribution produced 0 samples
2025-08-27 22:42:56,453 INFO o.a.j.r.p.AbstractSampleConsumer: class org.apache.jmeter.report.processor.graph.impl.TransactionsPerSecondGraphConsumer#stopProducing(): transactionsPerSecond produced 0 samples
2025-08-27 22:42:56,453 INFO o.a.j.r.p.AbstractSampleConsumer: class org.apache.jmeter.report.processor.graph.impl.ResponseTimePercentilesGraphConsumer#stopProducing(): responseTimePercentiles produced 0 samples
2025-08-27 22:42:56,454 INFO o.a.j.r.p.AbstractSampleConsumer: class org.apache.jmeter.report.processor.graph.impl.ResponseTimePercentilesOverTimeGraphConsumer#stopProducing(): responseTimePercentilesOverTime produced 0 samples
2025-08-27 22:42:56,454 INFO o.a.j.r.p.AbstractSampleConsumer: class org.apache.jmeter.report.processor.graph.impl.ResponseTimeOverTimeGraphConsumer#stopProducing(): responseTimesOverTime produced 0 samples
2025-08-27 22:42:56,454 INFO o.a.j.r.p.AbstractSampleConsumer: class org.apache.jmeter.report.processor.graph.impl.ConnectTimeOverTimeGraphConsumer#stopProducing(): connectTimeOverTime produced 0 samples
2025-08-27 22:42:56,454 INFO o.a.j.r.p.AbstractSampleConsumer: class org.apache.jmeter.report.processor.graph.impl.LatencyOverTimeGraphConsumer#stopProducing(): latenciesOverTime produced 0 samples
2025-08-27 22:42:56,454 INFO o.a.j.r.p.AbstractSampleConsumer: class org.apache.jmeter.report.processor.FilterConsumer#stopProducing(): nameFilter produced 10215 samples
2025-08-27 22:42:56,454 INFO o.a.j.r.p.AbstractSampleConsumer: class org.apache.jmeter.report.processor.FilterConsumer#stopProducing(): dateRangeFilter produced 2043 samples
2025-08-27 22:42:56,454 INFO o.a.j.r.p.AbstractSampleConsumer: class org.apache.jmeter.report.processor.NormalizerSampleConsumer#stopProducing(): normalizer produced 681 samples
2025-08-27 22:42:56,455 INFO o.a.j.r.p.CsvFileSampleSource: produce(): 681 samples produced in 131ms on channel 0
2025-08-27 22:42:56,455 INFO o.a.j.r.d.ReportGenerator: Exporting data using exporter:'json' of className:'org.apache.jmeter.report.dashboard.JsonExporter'
2025-08-27 22:42:56,567 INFO o.a.j.r.d.JsonExporter: Found data for consumer statisticsSummary in context
2025-08-27 22:42:56,567 INFO o.a.j.r.d.JsonExporter: Creating statistics for overall
2025-08-27 22:42:56,568 INFO o.a.j.r.d.JsonExporter: Creating statistics for other transactions
2025-08-27 22:42:56,568 INFO o.a.j.r.d.JsonExporter: Checking output folder
2025-08-27 22:42:56,569 INFO o.a.j.r.d.JsonExporter: Writing statistics JSON to C:\Users\Febiutoyo\Downloads\Task 2\report\statistics.json
2025-08-27 22:42:56,617 INFO o.a.j.r.d.ReportGenerator: Exporting data using exporter:'html' of className:'org.apache.jmeter.report.dashboard.HtmlTemplateExporter'
2025-08-27 22:42:56,620 INFO o.a.j.r.d.HtmlTemplateExporter: Will generate dashboard in folder: C:\Users\Febiutoyo\Downloads\Task 2\report
2025-08-27 22:42:56,736 INFO o.a.j.r.d.HtmlTemplateExporter: Report will be generated in: C:\Users\Febiutoyo\Downloads\Task 2\report, creating folder structure
2025-08-27 22:42:56,737 INFO o.a.j.r.d.TemplateVisitor: Copying folder from 'C:\Users\Febiutoyo\Downloads\apache-jmeter-5.6.3\apache-jmeter-5.6.3\bin\report-template' to 'C:\Users\Febiutoyo\Downloads\Task 2\report', got message: C:\Users\Febiutoyo\Downloads\Task 2\report, found non empty folder with following content [C:\Users\Febiutoyo\Downloads\Task 2\report\statistics.json], will be ignored
2025-08-27 22:42:57,034 INFO o.a.j.JMeter: Dashboard generated
